Started GET "/" for 127.0.0.1 at 2019-03-03 19:13:38 -0500
Processing by Rails::WelcomeController#index as HTML
  Rendering /Users/ktbaker/.rbenv/versions/2.4.2/lib/ruby/gems/2.4.0/gems/railties-5.2.2/lib/rails/templates/rails/welcome/index.html.erb
  Rendered /Users/ktbaker/.rbenv/versions/2.4.2/lib/ruby/gems/2.4.0/gems/railties-5.2.2/lib/rails/templates/rails/welcome/index.html.erb (2.9ms)
Completed 200 OK in 21ms (Views: 10.2ms | ActiveRecord: 0.0ms)


  [1m[35m (0.3ms)[0m  [1m[34mSELECT sqlite_version(*)[0m
  ↳ /Users/ktbaker/.rbenv/versions/2.4.2/bin/rake:23
  [1m[35m (2.1ms)[0m  [1m[35mCREATE TABLE "schema_migrations" ("version" varchar NOT NULL PRIMARY KEY)[0m
  ↳ /Users/ktbaker/.rbenv/versions/2.4.2/bin/rake:23
  [1m[35m (0.9ms)[0m  [1m[35mCREATE TABLE "ar_internal_metadata" ("key" varchar NOT NULL PRIMARY KEY, "value" varchar, "created_at" datetime NOT NULL, "updated_at" datetime NOT NULL)[0m
  ↳ /Users/ktbaker/.rbenv/versions/2.4.2/bin/rake:23
  [1m[35m (0.3ms)[0m  [1m[34mSELECT "schema_migrations"."version" FROM "schema_migrations" ORDER BY "schema_migrations"."version" ASC[0m
  ↳ /Users/ktbaker/.rbenv/versions/2.4.2/bin/rake:23
Migrating to CreatePosts (20190304001441)
  [1m[35m (0.0ms)[0m  [1m[36mbegin transaction[0m
  ↳ /Users/ktbaker/.rbenv/versions/2.4.2/bin/rake:23
  [1m[35m (0.3ms)[0m  [1m[35mCREATE TABLE "posts" ("id" integer PRIMARY KEY AUTOINCREMENT NOT NULL, "title" varchar, "body" text, "created_at" datetime NOT NULL, "updated_at" datetime NOT NULL)[0m
  ↳ db/migrate/20190304001441_create_posts.rb:3
  [1m[36mActiveRecord::SchemaMigration Create (0.4ms)[0m  [1m[32mINSERT INTO "schema_migrations" ("version") VALUES (?)[0m  [["version", "20190304001441"]]
  ↳ /Users/ktbaker/.rbenv/versions/2.4.2/bin/rake:23
  [1m[35m (0.7ms)[0m  [1m[36mcommit transaction[0m
  ↳ /Users/ktbaker/.rbenv/versions/2.4.2/bin/rake:23
  [1m[36mActiveRecord::InternalMetadata Load (0.2ms)[0m  [1m[34mSELECT  "ar_internal_metadata".* FROM "ar_internal_metadata" WHERE "ar_internal_metadata"."key" = ? LIMIT ?[0m  [["key", "environment"], ["LIMIT", 1]]
  ↳ /Users/ktbaker/.rbenv/versions/2.4.2/bin/rake:23
  [1m[35m (0.1ms)[0m  [1m[36mbegin transaction[0m
  ↳ /Users/ktbaker/.rbenv/versions/2.4.2/bin/rake:23
  [1m[36mActiveRecord::InternalMetadata Create (0.3ms)[0m  [1m[32mINSERT INTO "ar_internal_metadata" ("key", "value", "created_at", "updated_at") VALUES (?, ?, ?, ?)[0m  [["key", "environment"], ["value", "development"], ["created_at", "2019-03-04 00:14:48.044233"], ["updated_at", "2019-03-04 00:14:48.044233"]]
  ↳ /Users/ktbaker/.rbenv/versions/2.4.2/bin/rake:23
  [1m[35m (0.8ms)[0m  [1m[36mcommit transaction[0m
  ↳ /Users/ktbaker/.rbenv/versions/2.4.2/bin/rake:23
  [1m[35m (0.1ms)[0m  [1m[34mSELECT "schema_migrations"."version" FROM "schema_migrations" ORDER BY "schema_migrations"."version" ASC[0m
  ↳ /Users/ktbaker/.rbenv/versions/2.4.2/bin/rake:23
Started GET "/" for 127.0.0.1 at 2019-03-03 19:16:07 -0500
  [1m[35m (0.3ms)[0m  [1m[34mSELECT "schema_migrations"."version" FROM "schema_migrations" ORDER BY "schema_migrations"."version" ASC[0m
  ↳ /Users/ktbaker/.rbenv/versions/2.4.2/lib/ruby/gems/2.4.0/gems/activerecord-5.2.2/lib/active_record/log_subscriber.rb:98
Processing by Rails::WelcomeController#index as HTML
  Rendering /Users/ktbaker/.rbenv/versions/2.4.2/lib/ruby/gems/2.4.0/gems/railties-5.2.2/lib/rails/templates/rails/welcome/index.html.erb
  Rendered /Users/ktbaker/.rbenv/versions/2.4.2/lib/ruby/gems/2.4.0/gems/railties-5.2.2/lib/rails/templates/rails/welcome/index.html.erb (3.0ms)
Completed 200 OK in 22ms (Views: 9.4ms | ActiveRecord: 0.0ms)


Started GET "/posts" for 127.0.0.1 at 2019-03-03 19:16:14 -0500
Processing by PostsController#index as HTML
  Rendering posts/index.html.erb within layouts/application
  [1m[36mPost Load (0.3ms)[0m  [1m[34mSELECT "posts".* FROM "posts"[0m
  ↳ app/views/posts/index.html.erb:15
  Rendered posts/index.html.erb within layouts/application (4.3ms)
Completed 200 OK in 571ms (Views: 561.9ms | ActiveRecord: 0.7ms)


Started GET "/posts/new" for 127.0.0.1 at 2019-03-03 19:16:25 -0500
Processing by PostsController#new as HTML
  Rendering posts/new.html.erb within layouts/application
  Rendered posts/_form.html.erb (55.3ms)
  Rendered posts/new.html.erb within layouts/application (59.9ms)
Completed 200 OK in 102ms (Views: 88.5ms | ActiveRecord: 0.8ms)


Started POST "/posts" for 127.0.0.1 at 2019-03-03 19:16:33 -0500
Processing by PostsController#create as HTML
  Parameters: {"utf8"=>"✓", "authenticity_token"=>"IKv4ogpnkqSZBSZ6T1BktX9auRWnYjJ7L88l4nC2b5Zuf7Q7ieUxjAd1heY4kMWjDJwMPhEK2Kp03Gj2Ehe8sg==", "post"=>{"title"=>"Testing", "body"=>"Body text goes here!"}, "commit"=>"Create Post"}
  [1m[35m (0.1ms)[0m  [1m[36mbegin transaction[0m
  ↳ app/controllers/posts_controller.rb:30
  [1m[36mPost Create (0.8ms)[0m  [1m[32mINSERT INTO "posts" ("title", "body", "created_at", "updated_at") VALUES (?, ?, ?, ?)[0m  [["title", "Testing"], ["body", "Body text goes here!"], ["created_at", "2019-03-04 00:16:33.498143"], ["updated_at", "2019-03-04 00:16:33.498143"]]
  ↳ app/controllers/posts_controller.rb:30
  [1m[35m (1.1ms)[0m  [1m[36mcommit transaction[0m
  ↳ app/controllers/posts_controller.rb:30
Redirected to http://localhost:3000/posts/1
Completed 302 Found in 7ms (ActiveRecord: 2.0ms)


Started GET "/posts/1" for 127.0.0.1 at 2019-03-03 19:16:33 -0500
Processing by PostsController#show as HTML
  Parameters: {"id"=>"1"}
  [1m[36mPost Load (0.2ms)[0m  [1m[34mSELECT  "posts".* FROM "posts" WHERE "posts"."id" = ? LIMIT ?[0m  [["id", 1], ["LIMIT", 1]]
  ↳ app/controllers/posts_controller.rb:67
  Rendering posts/show.html.erb within layouts/application
  Rendered posts/show.html.erb within layouts/application (1.0ms)
Completed 200 OK in 38ms (Views: 29.7ms | ActiveRecord: 0.2ms)


Started GET "/posts" for 127.0.0.1 at 2019-03-03 19:16:36 -0500
Processing by PostsController#index as HTML
  Rendering posts/index.html.erb within layouts/application
  [1m[36mPost Load (0.2ms)[0m  [1m[34mSELECT "posts".* FROM "posts"[0m
  ↳ app/views/posts/index.html.erb:15
  Rendered posts/index.html.erb within layouts/application (2.4ms)
Completed 200 OK in 49ms (Views: 46.4ms | ActiveRecord: 0.2ms)


